<?xml version="1.0" encoding="UTF-8"?>
<testng-results skipped="0" failed="0" ignored="0" total="1" passed="1">
  <reporter-output>
  </reporter-output>
  <suite name="Surefire suite" duration-ms="10" started-at="2020-06-12T02:21:42Z" finished-at="2020-06-12T02:21:42Z">
    <groups>
    </groups>
    <test name="Surefire test" duration-ms="10" started-at="2020-06-12T02:21:42Z" finished-at="2020-06-12T02:21:42Z">
      <class name="com.TestingOpencart.AppTest">
        <test-method status="PASS" signature="testApp()[pri:0, instance:testApp(com.TestingOpencart.AppTest)]" name="testApp" duration-ms="2" started-at="2020-06-12T02:21:42Z" finished-at="2020-06-12T02:21:42Z">
          <reporter-output>
          </reporter-output>
        </test-method> <!-- testApp -->
      </class> <!-- com.TestingOpencart.AppTest -->
    </test> <!-- Surefire test -->
  </suite> <!-- Surefire suite -->
</testng-results>
